{"E:\\Study\\Actual\\Нетология. Frontend разработчик. Полный курс\\Продвинутый JS  в браузере\\Допы\\ahj-homeworks\\yarn-cd\\js\\app.js": {"path":"E:\\Study\\Actual\\Нетология. Frontend разработчик. Полный курс\\Продвинутый JS  в браузере\\Допы\\ahj-homeworks\\yarn-cd\\js\\app.js","statementMap":{"0":{"start":{"line":1,"column":0},"end":{"line":1,"column":25}},"1":{"start":{"line":4,"column":4},"end":{"line":4,"column":17}}},"fnMap":{"0":{"name":"sum","decl":{"start":{"line":3,"column":24},"end":{"line":3,"column":27}},"loc":{"start":{"line":3,"column":33},"end":{"line":5,"column":1}},"line":3}},"branchMap":{},"s":{"0":1,"1":1},"f":{"0":1},"b":{},"_coverageSchema":"1a1c01bbd47fc00a2c39e90264f33305004495a9","hash":"79456416f72f1a4bb4ecc5a39eff1afb2fe8990c"}
}
